<?xml version="1.0" encoding="UTF-8"?>
<testng-results ignored="0" total="5" passed="5" failed="0" skipped="0">
  <reporter-output>
  </reporter-output>
  <suite started-at="2022-07-21T14:14:55 IST" name="Default suite" finished-at="2022-07-21T14:14:55 IST" duration-ms="55">
    <groups>
    </groups>
    <test started-at="2022-07-21T14:14:55 IST" name="Default test" finished-at="2022-07-21T14:14:55 IST" duration-ms="55">
      <class name="maven_git_jenkins.practice1">
        <test-method signature="Practice25()[pri:0, instance:maven_git_jenkins.practice1@5b03b9fe]" started-at="2022-07-21T14:14:55 IST" name="Practice25" finished-at="2022-07-21T14:14:55 IST" duration-ms="6" status="PASS">
          <reporter-output>
          </reporter-output>
        </test-method> <!-- Practice25 -->
        <test-method signature="Practice27()[pri:0, instance:maven_git_jenkins.practice1@5b03b9fe]" started-at="2022-07-21T14:14:55 IST" name="Practice27" finished-at="2022-07-21T14:14:55 IST" duration-ms="1" status="PASS">
          <reporter-output>
          </reporter-output>
        </test-method> <!-- Practice27 -->
        <test-method signature="Practice31()[pri:0, instance:maven_git_jenkins.practice1@5b03b9fe]" started-at="2022-07-21T14:14:55 IST" name="Practice31" finished-at="2022-07-21T14:14:55 IST" duration-ms="2" status="PASS">
          <reporter-output>
          </reporter-output>
        </test-method> <!-- Practice31 -->
        <test-method signature="Practice36()[pri:0, instance:maven_git_jenkins.practice1@5b03b9fe]" started-at="2022-07-21T14:14:55 IST" name="Practice36" finished-at="2022-07-21T14:14:55 IST" duration-ms="1" status="PASS">
          <reporter-output>
          </reporter-output>
        </test-method> <!-- Practice36 -->
        <test-method signature="Practice38()[pri:0, instance:maven_git_jenkins.practice1@5b03b9fe]" started-at="2022-07-21T14:14:55 IST" name="Practice38" finished-at="2022-07-21T14:14:55 IST" duration-ms="1" status="PASS">
          <reporter-output>
          </reporter-output>
        </test-method> <!-- Practice38 -->
      </class> <!-- maven_git_jenkins.practice1 -->
    </test> <!-- Default test -->
  </suite> <!-- Default suite -->
</testng-results>
