<?xml version="1.0" encoding="UTF-8"?>
<!-- Generated by org.testng.reporters.JUnitXMLReporter -->
<testsuite ignored="0" hostname="Shaan" failures="0" tests="5" name="Default test" time="0.055" errors="0" timestamp="2022-07-21T14:14:55 IST">
  <testcase classname="maven_git_jenkins.practice1" name="Practice25" time="0.006"/>
  <testcase classname="maven_git_jenkins.practice1" name="Practice27" time="0.001"/>
  <testcase classname="maven_git_jenkins.practice1" name="Practice31" time="0.002"/>
  <testcase classname="maven_git_jenkins.practice1" name="Practice36" time="0.001"/>
  <testcase classname="maven_git_jenkins.practice1" name="Practice38" time="0.001"/>
</testsuite> <!-- Default test -->
